c:\users\multicampus\desktop\til\c++\lecture\tbc\chapter1_3\debug\vc141.pdb
c:\users\multicampus\desktop\til\c++\lecture\tbc\chapter1_3\debug\vc141.idb
c:\users\multicampus\desktop\til\c++\lecture\tbc\chapter1_3\debug\chapter1_3.obj
c:\users\hans7\cm\repo\til\c++\lecture\tbc\chapter1_3\debug\vc141.pdb
c:\users\hans7\cm\repo\til\c++\lecture\tbc\chapter1_3\debug\vc141.idb
c:\users\hans7\cm\repo\til\c++\lecture\tbc\chapter1_3\debug\main.obj
c:\users\multicampus\desktop\til\c++\lecture\tbc\debug\chapter1_3.exe
c:\users\multicampus\desktop\til\c++\lecture\tbc\debug\chapter1_3.ilk
c:\users\multicampus\desktop\til\c++\lecture\tbc\debug\chapter1_3.pdb
c:\users\hans7\cm\repo\til\c++\lecture\tbc\debug\chapter1_3.ilk
c:\users\hans7\cm\repo\til\c++\lecture\tbc\debug\chapter1_3.exe
c:\users\hans7\cm\repo\til\c++\lecture\tbc\debug\chapter1_3.pdb
c:\users\창모\desktop\til\c++\lecture\tbc\chapter1_3\debug\vc141.idb
c:\users\창모\desktop\til\c++\lecture\tbc\chapter1_3\debug\vc141.pdb
c:\users\창모\desktop\til\c++\lecture\tbc\debug\chapter1_3.pdb
c:\users\창모\desktop\til\c++\lecture\tbc\debug\chapter1_3.ilk
c:\users\창모\desktop\til\c++\lecture\tbc\chapter1_3\debug\chapter1_3.tlog\cl.command.1.tlog
c:\users\창모\desktop\til\c++\lecture\tbc\chapter1_3\debug\chapter1_3.tlog\cl.read.1.tlog
c:\users\창모\desktop\til\c++\lecture\tbc\chapter1_3\debug\chapter1_3.tlog\cl.write.1.tlog
c:\users\창모\desktop\til\c++\lecture\tbc\chapter1_3\debug\chapter1_3.tlog\link.command.1.tlog
c:\users\창모\desktop\til\c++\lecture\tbc\chapter1_3\debug\chapter1_3.tlog\link.read.1.tlog
c:\users\창모\desktop\til\c++\lecture\tbc\chapter1_3\debug\chapter1_3.tlog\link.write.1.tlog
